<?xml version="1.0" encoding="UTF-8"?>
<!-- Generated by org.testng.reporters.JUnitXMLReporter -->
<testsuite ignored="0" hostname="PSL-8WH4XM3" failures="0" tests="7" name="Default test" time="241.353" errors="0" timestamp="2022-10-03T15:18:43 IST">
  <testcase classname="test.Test_register" name="Main" time="6.53"/>
  <testcase classname="test.Test_register" name="TestAboutUs0" time="36.556"/>
  <testcase classname="test.Test_register" name="TestAboutUs1" time="37.029"/>
  <testcase classname="test.Test_register" name="TestAboutUs2" time="35.527"/>
  <testcase classname="test.Test_register" name="TestAboutUs3" time="34.926"/>
  <testcase classname="test.Test_register" name="TestAboutUs4" time="44.432"/>
  <testcase classname="test.Test_register" name="TestAboutUs5" time="28.447"/>
</testsuite> <!-- Default test -->
