<?xml version="1.0" encoding="UTF-8"?>
<!-- Generated by org.testng.reporters.JUnitXMLReporter -->
<testsuite ignored="0" hostname="PSL-8WH4XM3" failures="0" tests="7" name="Default test" time="167.179" errors="0" timestamp="2022-10-04T18:25:51 IST">
  <testcase classname="test.Test_register" name="Main" time="2.189"/>
  <testcase classname="test.Test_register" name="TestAboutUs0" time="23.918"/>
  <testcase classname="test.Test_register" name="TestAboutUs1" time="23.552"/>
  <testcase classname="test.Test_register" name="TestAboutUs2" time="24.227"/>
  <testcase classname="test.Test_register" name="TestAboutUs3" time="24.366"/>
  <testcase classname="test.Test_register" name="TestAboutUs4" time="24.063"/>
  <testcase classname="test.Test_register" name="TestAboutUs5" time="28.293"/>
</testsuite> <!-- Default test -->
