<?xml version="1.0" encoding="UTF-8"?>
<!-- Generated by org.testng.reporters.JUnitXMLReporter -->
<testsuite ignored="0" hostname="PSL-8WH4XM3" failures="1" tests="13" name="Test6" time="197.613" errors="0" timestamp="2022-09-30T14:58:16 IST">
  <testcase classname="test.Test_itemDetails" name="getURL" time="10.826"/>
  <testcase classname="test.Test_itemDetails" name="getTitle" time="0.015"/>
  <testcase classname="test.Test_itemDetails" name="search" time="10.37"/>
  <testcase classname="test.Test_itemDetails" name="getItem" time="6.834"/>
  <testcase classname="test.Test_itemDetails" name="slideShow" time="4.52"/>
  <testcase classname="test.Test_itemDetails" name="zoomImage" time="27.697"/>
  <testcase classname="test.Test_itemDetails" name="discount" time="0.086"/>
  <testcase classname="test.Test_itemDetails" name="addToCart" time="5.746"/>
  <testcase classname="test.Test_itemDetails" name="addToCartMultiple" time="0.0"/>
  <testcase classname="test.Test_itemDetails" name="pincode" time="18.737"/>
  <testcase classname="test.Test_itemDetails" name="offers" time="13.04"/>
  <testcase classname="test.Test_itemDetails" name="compare" time="50.986"/>
  <testcase classname="test.Test_itemDetails" name="dress" time="35.032">
    <failure type="org.openqa.selenium.ElementNotInteractableException" message="Element &amp;lt;img src=&amp;quot;https://www.jiomart.com/images/product/original/rv04ejjsja/ethnic-basket-women-s-crepe-black-color-bandhani-printed-straight-kurti-swatch-rv04ejjsja--1-202206291716.jpg&amp;quot;&amp;gt; could not be scrolled into view
Build info: version: &amp;apos;4.3.0&amp;apos;, revision: &amp;apos;a4995e2c09*&amp;apos;
System info: host: &amp;apos;PSL-8WH4XM3&amp;apos;, ip: &amp;apos;10.44.27.187&amp;apos;, os.name: &amp;apos;Windows 11&amp;apos;, os.arch: &amp;apos;amd64&amp;apos;, os.version: &amp;apos;10.0&amp;apos;, java.version: &amp;apos;17.0.3&amp;apos;
Driver info: org.openqa.selenium.firefox.FirefoxDriver
Command: [c98b4f99-5e4c-4108-a3b5-cb41e1d4f4f1, clickElement {id=187b7b50-4044-4e80-b9cf-8e9ee8450b60}]
Capabilities {acceptInsecureCerts: true, browserName: firefox, browserVersion: 104.0.2, moz:accessibilityChecks: false, moz:buildID: 20220902153754, moz:debuggerAddress: localhost:57745, moz:geckodriverVersion: 0.31.0, moz:headless: false, moz:platformVersion: 10.0, moz:processID: 14836, moz:profile: C:\Users\SHIVAN~1\AppData\L..., moz:shutdownTimeout: 60000, moz:useNonSpecCompliantPointerOrigin: false, moz:webdriverClick: true, moz:windowless: false, pageLoadStrategy: normal, platformName: WINDOWS, proxy: Proxy(), se:cdp: ws://localhost:57745/devtoo..., se:cdpVersion: 85.0, setWindowRect: true, strictFileInteractability: false, timeouts: {implicit: 0, pageLoad: 300000, script: 30000}, unhandledPromptBehavior: dismiss and notify}
Element: [[FirefoxDriver: firefox on WINDOWS (c98b4f99-5e4c-4108-a3b5-cb41e1d4f4f1)] -&amp;gt; xpath: //*[@id=&amp;quot;variant_colour&amp;quot;]/div/ul/li[1]/a/div/img]
Session ID: c98b4f99-5e4c-4108-a3b5-cb41e1d4f4f1">
      <![CDATA[org.openqa.selenium.ElementNotInteractableException: Element <img src="https://www.jiomart.com/images/product/original/rv04ejjsja/ethnic-basket-women-s-crepe-black-color-bandhani-printed-straight-kurti-swatch-rv04ejjsja--1-202206291716.jpg"> could not be scrolled into view
Build info: version: '4.3.0', revision: 'a4995e2c09*'
System info: host: 'PSL-8WH4XM3', ip: '10.44.27.187', os.name: 'Windows 11', os.arch: 'amd64', os.version: '10.0', java.version: '17.0.3'
Driver info: org.openqa.selenium.firefox.FirefoxDriver
Command: [c98b4f99-5e4c-4108-a3b5-cb41e1d4f4f1, clickElement {id=187b7b50-4044-4e80-b9cf-8e9ee8450b60}]
Capabilities {acceptInsecureCerts: true, browserName: firefox, browserVersion: 104.0.2, moz:accessibilityChecks: false, moz:buildID: 20220902153754, moz:debuggerAddress: localhost:57745, moz:geckodriverVersion: 0.31.0, moz:headless: false, moz:platformVersion: 10.0, moz:processID: 14836, moz:profile: C:\Users\SHIVAN~1\AppData\L..., moz:shutdownTimeout: 60000, moz:useNonSpecCompliantPointerOrigin: false, moz:webdriverClick: true, moz:windowless: false, pageLoadStrategy: normal, platformName: WINDOWS, proxy: Proxy(), se:cdp: ws://localhost:57745/devtoo..., se:cdpVersion: 85.0, setWindowRect: true, strictFileInteractability: false, timeouts: {implicit: 0, pageLoad: 300000, script: 30000}, unhandledPromptBehavior: dismiss and notify}
Element: [[FirefoxDriver: firefox on WINDOWS (c98b4f99-5e4c-4108-a3b5-cb41e1d4f4f1)] -> xpath: //*[@id="variant_colour"]/div/ul/li[1]/a/div/img]
Session ID: c98b4f99-5e4c-4108-a3b5-cb41e1d4f4f1
at org.openqa.selenium.remote.codec.w3c.W3CHttpResponseCodec.createException(W3CHttpResponseCodec.java:200)
at org.openqa.selenium.remote.codec.w3c.W3CHttpResponseCodec.decode(W3CHttpResponseCodec.java:133)
at org.openqa.selenium.remote.codec.w3c.W3CHttpResponseCodec.decode(W3CHttpResponseCodec.java:53)
at org.openqa.selenium.remote.HttpCommandExecutor.execute(HttpCommandExecutor.java:184)
at org.openqa.selenium.remote.service.DriverCommandExecutor.invokeExecute(DriverCommandExecutor.java:167)
at org.openqa.selenium.remote.service.DriverCommandExecutor.execute(DriverCommandExecutor.java:142)
at org.openqa.selenium.remote.RemoteWebDriver.execute(RemoteWebDriver.java:569)
at org.openqa.selenium.remote.RemoteWebElement.execute(RemoteWebElement.java:257)
at org.openqa.selenium.remote.RemoteWebElement.click(RemoteWebElement.java:78)
at test.Test_itemDetails.dress(Test_itemDetails.java:301)
at java.base/java.util.ArrayList.forEach(ArrayList.java:1511)
... Removed 32 stack frames]]>
    </failure>
  </testcase> <!-- dress -->
</testsuite> <!-- Test6 -->
