<?xml version="1.0" encoding="UTF-8"?>
<!-- Generated by org.testng.reporters.JUnitXMLReporter -->
<testsuite ignored="0" hostname="PSL-8WH4XM3" failures="0" tests="7" name="Test1" time="202.459" errors="0" timestamp="2022-10-04T15:56:57 IST">
  <testcase classname="test.Test_register" name="Main" time="7.25"/>
  <testcase classname="test.Test_register" name="TestAboutUs0" time="32.1"/>
  <testcase classname="test.Test_register" name="TestAboutUs1" time="31.578"/>
  <testcase classname="test.Test_register" name="TestAboutUs2" time="25.79"/>
  <testcase classname="test.Test_register" name="TestAboutUs3" time="30.58"/>
  <testcase classname="test.Test_register" name="TestAboutUs4" time="32.744"/>
  <testcase classname="test.Test_register" name="TestAboutUs5" time="28.563"/>
</testsuite> <!-- Test1 -->
