<?xml version="1.0" encoding="UTF-8"?>
<!-- Generated by org.testng.reporters.JUnitXMLReporter -->
<testsuite ignored="0" hostname="PSL-8WH4XM3" failures="1" tests="7" name="Test1" time="213.31" errors="0" timestamp="2022-09-30T14:50:14 IST">
  <testcase classname="test.Test_register" name="Main" time="5.109"/>
  <testcase classname="test.Test_register" name="TestAboutUs0" time="35.552"/>
  <testcase classname="test.Test_register" name="TestAboutUs1" time="31.077"/>
  <testcase classname="test.Test_register" name="TestAboutUs2" time="30.502"/>
  <testcase classname="test.Test_register" name="TestAboutUs3" time="30.017"/>
  <testcase classname="test.Test_register" name="TestAboutUs4" time="31.634"/>
  <testcase classname="test.Test_register" name="TestAboutUs5" time="22.486">
    <failure type="org.openqa.selenium.ElementNotInteractableException" message="Element &amp;lt;div class=&amp;quot;error-msg&amp;quot;&amp;gt; is not reachable by keyboard
Build info: version: &amp;apos;4.3.0&amp;apos;, revision: &amp;apos;a4995e2c09*&amp;apos;
System info: host: &amp;apos;PSL-8WH4XM3&amp;apos;, ip: &amp;apos;10.44.27.187&amp;apos;, os.name: &amp;apos;Windows 11&amp;apos;, os.arch: &amp;apos;amd64&amp;apos;, os.version: &amp;apos;10.0&amp;apos;, java.version: &amp;apos;17.0.3&amp;apos;
Driver info: org.openqa.selenium.firefox.FirefoxDriver
Command: [fe03d880-dbfb-4559-8fc5-708f98e88c0f, sendKeysToElement {id=ff623eba-052d-4dbf-b748-cb87f0bf5b7c, value=[Ljava.lang.CharSequence;@d5d5353}]
Capabilities {acceptInsecureCerts: true, browserName: firefox, browserVersion: 104.0.2, moz:accessibilityChecks: false, moz:buildID: 20220902153754, moz:debuggerAddress: localhost:50633, moz:geckodriverVersion: 0.31.0, moz:headless: false, moz:platformVersion: 10.0, moz:processID: 12200, moz:profile: C:\Users\SHIVAN~1\AppData\L..., moz:shutdownTimeout: 60000, moz:useNonSpecCompliantPointerOrigin: false, moz:webdriverClick: true, moz:windowless: false, pageLoadStrategy: normal, platformName: WINDOWS, proxy: Proxy(), se:cdp: ws://localhost:50633/devtoo..., se:cdpVersion: 85.0, setWindowRect: true, strictFileInteractability: false, timeouts: {implicit: 0, pageLoad: 300000, script: 30000}, unhandledPromptBehavior: dismiss and notify}
Element: [[FirefoxDriver: firefox on WINDOWS (fe03d880-dbfb-4559-8fc5-708f98e88c0f)] -&amp;gt; xpath: /html/body/app-root/app-layout/div/main/div/app-login/div[1]/div/div[1]/div[2]/div/form/div[1]/div[1]/div]
Session ID: fe03d880-dbfb-4559-8fc5-708f98e88c0f">
      <![CDATA[org.openqa.selenium.ElementNotInteractableException: Element <div class="error-msg"> is not reachable by keyboard
Build info: version: '4.3.0', revision: 'a4995e2c09*'
System info: host: 'PSL-8WH4XM3', ip: '10.44.27.187', os.name: 'Windows 11', os.arch: 'amd64', os.version: '10.0', java.version: '17.0.3'
Driver info: org.openqa.selenium.firefox.FirefoxDriver
Command: [fe03d880-dbfb-4559-8fc5-708f98e88c0f, sendKeysToElement {id=ff623eba-052d-4dbf-b748-cb87f0bf5b7c, value=[Ljava.lang.CharSequence;@d5d5353}]
Capabilities {acceptInsecureCerts: true, browserName: firefox, browserVersion: 104.0.2, moz:accessibilityChecks: false, moz:buildID: 20220902153754, moz:debuggerAddress: localhost:50633, moz:geckodriverVersion: 0.31.0, moz:headless: false, moz:platformVersion: 10.0, moz:processID: 12200, moz:profile: C:\Users\SHIVAN~1\AppData\L..., moz:shutdownTimeout: 60000, moz:useNonSpecCompliantPointerOrigin: false, moz:webdriverClick: true, moz:windowless: false, pageLoadStrategy: normal, platformName: WINDOWS, proxy: Proxy(), se:cdp: ws://localhost:50633/devtoo..., se:cdpVersion: 85.0, setWindowRect: true, strictFileInteractability: false, timeouts: {implicit: 0, pageLoad: 300000, script: 30000}, unhandledPromptBehavior: dismiss and notify}
Element: [[FirefoxDriver: firefox on WINDOWS (fe03d880-dbfb-4559-8fc5-708f98e88c0f)] -> xpath: /html/body/app-root/app-layout/div/main/div/app-login/div[1]/div/div[1]/div[2]/div/form/div[1]/div[1]/div]
Session ID: fe03d880-dbfb-4559-8fc5-708f98e88c0f
at org.openqa.selenium.remote.codec.w3c.W3CHttpResponseCodec.createException(W3CHttpResponseCodec.java:200)
at org.openqa.selenium.remote.codec.w3c.W3CHttpResponseCodec.decode(W3CHttpResponseCodec.java:133)
at org.openqa.selenium.remote.codec.w3c.W3CHttpResponseCodec.decode(W3CHttpResponseCodec.java:53)
at org.openqa.selenium.remote.HttpCommandExecutor.execute(HttpCommandExecutor.java:184)
at org.openqa.selenium.remote.service.DriverCommandExecutor.invokeExecute(DriverCommandExecutor.java:167)
at org.openqa.selenium.remote.service.DriverCommandExecutor.execute(DriverCommandExecutor.java:142)
at org.openqa.selenium.remote.RemoteWebDriver.execute(RemoteWebDriver.java:569)
at org.openqa.selenium.remote.RemoteWebElement.execute(RemoteWebElement.java:257)
at org.openqa.selenium.remote.RemoteWebElement.sendKeys(RemoteWebElement.java:113)
at pages.register.TestAboutUs5(register.java:190)
at test.Test_register.TestAboutUs5(Test_register.java:60)
at java.base/java.util.ArrayList.forEach(ArrayList.java:1511)
... Removed 32 stack frames]]>
    </failure>
  </testcase> <!-- TestAboutUs5 -->
</testsuite> <!-- Test1 -->
