<?xml version="1.0" encoding="UTF-8"?>
<!-- Generated by org.testng.reporters.JUnitXMLReporter -->
<testsuite ignored="0" hostname="PSL-8WH4XM3" failures="0" tests="8" name="Test4" time="56.402" errors="0" timestamp="2022-10-04T16:01:45 IST">
  <testcase classname="test.Test_add_to_cart" name="AddCartClick" time="4.105"/>
  <testcase classname="test.Test_add_to_cart" name="searchproduct" time="8.197"/>
  <testcase classname="test.Test_add_to_cart" name="visibleAddToCartProduct" time="8.96"/>
  <testcase classname="test.Test_add_to_cart" name="CountProduct" time="2.537"/>
  <testcase classname="test.Test_add_to_cart" name="deleteProduct" time="0.245"/>
  <testcase classname="test.Test_add_to_cart" name="TotalProductINCart" time="14.319"/>
  <testcase classname="test.Test_add_to_cart" name="TotalAmount" time="0.019"/>
  <testcase classname="test.Test_add_to_cart" name="TotalSavingAmount" time="3.029"/>
</testsuite> <!-- Test4 -->
