<?xml version="1.0" encoding="UTF-8"?>
<!-- Generated by org.testng.reporters.JUnitXMLReporter -->
<testsuite ignored="0" hostname="PSL-8WH4XM3" failures="0" tests="3" name="Test5" time="32.345" errors="0" timestamp="2022-10-04T16:02:17 IST">
  <testcase classname="test.Test_category" name="launch" time="3.044"/>
  <testcase classname="test.Test_category" name="categories_check" time="14.32"/>
  <testcase classname="test.Test_category" name="subcategory" time="2.974"/>
</testsuite> <!-- Test5 -->
