<?xml version="1.0" encoding="UTF-8"?>
<!-- Generated by org.testng.reporters.JUnitXMLReporter -->
<testsuite ignored="0" hostname="PSL-8WH4XM3" failures="0" tests="3" name="Test5" time="34.38" errors="0" timestamp="2022-09-30T14:54:59 IST">
  <testcase classname="test.Test_category" name="launch" time="3.025"/>
  <testcase classname="test.Test_category" name="categories_check" time="14.331"/>
  <testcase classname="test.Test_category" name="subcategory" time="2.871"/>
</testsuite> <!-- Test5 -->
