<?xml version="1.0" encoding="UTF-8"?>
<testng-results ignored="0" total="7" passed="7" failed="0" skipped="0">
  <reporter-output>
  </reporter-output>
  <suite started-at="2022-10-04T18:23:04 IST" name="Default suite" finished-at="2022-10-04T18:25:51 IST" duration-ms="167179">
    <groups>
    </groups>
    <test started-at="2022-10-04T18:23:04 IST" name="Default test" finished-at="2022-10-04T18:25:51 IST" duration-ms="167179">
      <class name="test.Test_register">
        <test-method is-config="true" signature="beforeTest()[pri:0, instance:test.Test_register@4145bad8]" started-at="2022-10-04T18:23:04 IST" name="beforeTest" finished-at="2022-10-04T18:23:18 IST" duration-ms="13860" status="PASS">
          <reporter-output>
          </reporter-output>
        </test-method> <!-- beforeTest -->
        <test-method signature="Main()[pri:1, instance:test.Test_register@4145bad8]" started-at="2022-10-04T18:23:18 IST" name="Main" finished-at="2022-10-04T18:23:20 IST" duration-ms="2189" status="PASS">
          <reporter-output>
          </reporter-output>
        </test-method> <!-- Main -->
        <test-method signature="TestAboutUs0()[pri:2, instance:test.Test_register@4145bad8]" started-at="2022-10-04T18:23:20 IST" name="TestAboutUs0" finished-at="2022-10-04T18:23:44 IST" duration-ms="23918" status="PASS">
          <reporter-output>
          </reporter-output>
        </test-method> <!-- TestAboutUs0 -->
        <test-method signature="TestAboutUs1()[pri:3, instance:test.Test_register@4145bad8]" started-at="2022-10-04T18:23:44 IST" name="TestAboutUs1" finished-at="2022-10-04T18:24:07 IST" duration-ms="23552" status="PASS">
          <reporter-output>
          </reporter-output>
        </test-method> <!-- TestAboutUs1 -->
        <test-method signature="TestAboutUs2()[pri:4, instance:test.Test_register@4145bad8]" started-at="2022-10-04T18:24:07 IST" name="TestAboutUs2" finished-at="2022-10-04T18:24:31 IST" duration-ms="24227" status="PASS">
          <reporter-output>
          </reporter-output>
        </test-method> <!-- TestAboutUs2 -->
        <test-method signature="TestAboutUs3()[pri:5, instance:test.Test_register@4145bad8]" started-at="2022-10-04T18:24:31 IST" name="TestAboutUs3" finished-at="2022-10-04T18:24:56 IST" duration-ms="24366" status="PASS">
          <reporter-output>
          </reporter-output>
        </test-method> <!-- TestAboutUs3 -->
        <test-method signature="TestAboutUs4()[pri:6, instance:test.Test_register@4145bad8]" started-at="2022-10-04T18:24:56 IST" name="TestAboutUs4" finished-at="2022-10-04T18:25:20 IST" duration-ms="24063" status="PASS">
          <reporter-output>
          </reporter-output>
        </test-method> <!-- TestAboutUs4 -->
        <test-method signature="TestAboutUs5()[pri:7, instance:test.Test_register@4145bad8]" started-at="2022-10-04T18:25:20 IST" name="TestAboutUs5" finished-at="2022-10-04T18:25:48 IST" duration-ms="28293" status="PASS">
          <reporter-output>
          </reporter-output>
        </test-method> <!-- TestAboutUs5 -->
        <test-method is-config="true" signature="tearDown()[pri:0, instance:test.Test_register@4145bad8]" started-at="2022-10-04T18:25:48 IST" name="tearDown" finished-at="2022-10-04T18:25:51 IST" duration-ms="2651" status="PASS">
          <reporter-output>
          </reporter-output>
        </test-method> <!-- tearDown -->
      </class> <!-- test.Test_register -->
    </test> <!-- Default test -->
  </suite> <!-- Default suite -->
</testng-results>
